Build started 10/28/2015 4:50:12 PM.
     1>Project "C:\Users\v-xiafe\Documents\Visual Studio 2015\Projects\bignumber\ConsoleApplication1\ConsoleApplication1.vcxproj" on node 2 (Build target(s)).
     1>ClCompile:
         C:\Program Files (x86)\Microsoft Visual Studio 14.0\VC\bin\CL.exe /c /Zi /nologo /W3 /WX- /sdl /O2 /Oi /Oy- /GL /D WIN32 /D NDEBUG /D _CONSOLE /D _UNICODE /D UNICODE /Gm- /EHsc /MD /GS /Gy /fp:precise /Zc:wchar_t /Zc:forScope /Zc:inline /Fo"Release\\" /Fd"Release\vc140.pdb" /Gd /TC /analyze- /errorReport:prompt /D _CRT_SECURE_NO_WARNINGS BigNumber.c
         BigNumber.c
     1>BigNumber.c(22): warning C4018: '<': signed/unsigned mismatch
     1>BigNumber.c(25): warning C4244: '=': conversion from 'double' to 'int', possible loss of data
     1>BigNumber.c(208): warning C4101: 'i': unreferenced local variable
     1>BigNumber.c(330): warning C4101: 'L_temp': unreferenced local variable
     1>BigNumber.c(329): warning C4101: 'r_temp': unreferenced local variable
     1>BigNumber.c(329): warning C4101: 'p_temp': unreferenced local variable
     1>BigNumber.c(329): warning C4101: 'q_temp': unreferenced local variable
     1>BigNumber.c(487): warning C4244: '=': conversion from 'double' to 'int', possible loss of data
     1>BigNumber.c(497): warning C4244: '=': conversion from 'double' to 'int', possible loss of data
     1>BigNumber.c(476): warning C4101: 'i': unreferenced local variable
     1>BigNumber.c(814): warning C4244: '=': conversion from 'double' to 'int', possible loss of data
     1>BigNumber.c(828): warning C4244: '=': conversion from 'double' to 'int', possible loss of data
     1>BigNumber.c(551): warning C4101: 'end': unreferenced local variable
     1>BigNumber.c(558): warning C4101: 'L1_temp': unreferenced local variable
     1>BigNumber.c(555): warning C4101: 'top2': unreferenced local variable
     1>BigNumber.c(551): warning C4101: 'start': unreferenced local variable
     1>BigNumber.c(555): warning C4101: 'top1': unreferenced local variable
     1>BigNumber.c(552): warning C4101: 'i': unreferenced local variable
     1>BigNumber.c(556): warning C4101: 'mystring_temp': unreferenced local variable
     1>BigNumber.c(554): warning C4101: 'string_temp': unreferenced local variable
     1>BigNumber.c(790): warning C4101: 'p0': unreferenced local variable
       Link:
         C:\Program Files (x86)\Microsoft Visual Studio 14.0\VC\bin\link.exe /ERRORREPORT:PROMPT /OUT:"C:\Users\v-xiafe\Documents\Visual Studio 2015\Projects\bignumber\Release\ConsoleApplication1.exe" /INCREMENTAL:NO /NOLOGO kernel32.lib user32.lib gdi32.lib winspool.lib comdlg32.lib advapi32.lib shell32.lib ole32.lib oleaut32.lib uuid.lib odbc32.lib odbccp32.lib /MANIFEST /MANIFESTUAC:"level='asInvoker' uiAccess='false'" /manifest:embed /Debug /PDB:"C:\Users\v-xiafe\Documents\Visual Studio 2015\Projects\bignumber\Release\ConsoleApplication1.pdb" /SUBSYSTEM:CONSOLE /OPT:REF /OPT:ICF /LTCG:incremental /TLBID:1 /DYNAMICBASE /NXCOMPAT /IMPLIB:"C:\Users\v-xiafe\Documents\Visual Studio 2015\Projects\bignumber\Release\ConsoleApplication1.lib" /MACHINE:X86 /SAFESEH Release\BigNumber.obj
         Generating code
         6 of 16 functions (37.5%) were compiled, the rest were copied from previous compilation.
           0 functions were new in current compilation
           0 functions had inline decision re-evaluated but remain unchanged
         Finished generating code
         ConsoleApplication1.vcxproj -> C:\Users\v-xiafe\Documents\Visual Studio 2015\Projects\bignumber\Release\ConsoleApplication1.exe
     1>Done Building Project "C:\Users\v-xiafe\Documents\Visual Studio 2015\Projects\bignumber\ConsoleApplication1\ConsoleApplication1.vcxproj" (Build target(s)).

Build succeeded.

Time Elapsed 00:00:01.21
